<?xml version="1.0" encoding="UTF-8"?>
<!-- Generated by org.testng.reporters.JUnitXMLReporter -->
<testsuite hostname="104.193.171.84.public.monkeybrains.net" name="wikiatest" tests="2" failures="1" timestamp="22 Jul 2015 20:31:40 GMT" time="56.517" errors="0">
  <testcase name="Test1" time="33.919" classname="wikiatests.LoginTest"/>
  <testcase name="Test2" time="22.591" classname="wikiatests.VideoUploadTest">
    <failure type="java.lang.AssertionError" message="Uploaded file name does not match the file on the youtube page">
      <![CDATA[java.lang.AssertionError: Uploaded file name does not match the file on the youtube page
	at wikiatests.VideoUploadTest.Test2(VideoUploadTest.java:64)
	at wikiatests.WriteXMLFile.setAndRunTestNG(WriteXMLFile.java:33)
	at wikiatests.WikiaMain.main(WikiaMain.java:24)
... Removed 22 stack frames]]>
    </failure>
  </testcase> <!-- Test2 -->
</testsuite> <!-- wikiatest -->
