<?xml version="1.0" encoding="UTF-8"?>
<!-- Generated by org.testng.reporters.JUnitXMLReporter -->
<testsuite hostname="104.193.171.84.public.monkeybrains.net" name="wikiatest" tests="2" failures="1" timestamp="22 Jul 2015 19:36:38 GMT" time="19.474" errors="0">
  <testcase name="Test1" time="5.025" classname="wikiatests.LoginTest"/>
  <testcase name="Test2" time="14.441" classname="wikiatests.VideoUploadTest">
    <failure type="java.lang.AssertionError" message="Could not find the input#wpWikiaVideoAddUrl">
      <![CDATA[java.lang.AssertionError: Could not find the input#wpWikiaVideoAddUrl
	at wikiatests.BaseClass.findElement(BaseClass.java:61)
	at wikiatests.BaseClass.findAndClick(BaseClass.java:71)
	at wikiatests.VideoUploadTest.Test2(VideoUploadTest.java:42)
	at wikiatests.WriteXMLFile.setAndRunTestNG(WriteXMLFile.java:33)
	at wikiatests.WikiaMain.main(WikiaMain.java:30)
... Removed 22 stack frames]]>
    </failure>
  </testcase> <!-- Test2 -->
</testsuite> <!-- wikiatest -->
